TN:
SF:src\app\_components\Cart.tsx
FN:8,Cart
FNF:1
FNH:1
FNDA:3,Cart
DA:1,1
DA:2,1
DA:3,1
DA:4,1
DA:5,1
DA:6,1
DA:7,1
DA:8,1
DA:9,3
DA:10,3
DA:11,3
DA:12,3
DA:13,3
DA:14,2
DA:15,2
DA:16,2
DA:17,2
DA:18,0
DA:19,0
DA:20,0
DA:21,0
DA:22,0
DA:23,0
DA:24,0
DA:25,0
DA:26,0
DA:27,0
DA:28,0
DA:29,0
DA:30,0
DA:31,0
DA:32,0
DA:33,0
LF:33
LH:17
BRDA:8,0,0,3
BRDA:13,1,0,2
BRDA:17,2,0,0
BRF:3
BRH:2
end_of_record
TN:
SF:src\app\_components\button.tsx
FN:4,Button
FNF:1
FNH:0
FNDA:0,Button
DA:1,1
DA:2,1
DA:3,1
DA:4,1
DA:5,0
DA:6,0
DA:7,0
DA:8,0
DA:9,0
DA:10,0
DA:11,0
DA:12,0
DA:13,0
DA:14,0
DA:15,0
DA:16,0
DA:17,0
DA:18,0
DA:19,0
DA:20,0
DA:21,0
LF:21
LH:4
BRF:0
BRH:0
end_of_record
TN:
SF:src\app\_components\icons.tsx
FN:8,MenuIcon
FN:12,ShoppingCartIcon
FN:16,SearchIcon
FN:20,CloseIcon
FN:24,AddToCart
FN:28,RemoveFromCart
FNF:6
FNH:0
FNDA:0,MenuIcon
FNDA:0,ShoppingCartIcon
FNDA:0,SearchIcon
FNDA:0,CloseIcon
FNDA:0,AddToCart
FNDA:0,RemoveFromCart
DA:1,1
DA:2,1
DA:3,1
DA:4,1
DA:5,1
DA:6,1
DA:7,1
DA:8,1
DA:9,0
DA:10,0
DA:11,1
DA:12,1
DA:13,0
DA:14,0
DA:15,1
DA:16,1
DA:17,0
DA:18,0
DA:19,1
DA:20,1
DA:21,0
DA:22,0
DA:23,1
DA:24,1
DA:25,0
DA:26,0
DA:27,1
DA:28,1
DA:29,0
DA:30,0
LF:30
LH:18
BRF:0
BRH:0
end_of_record
TN:
SF:src\app\context\useCartListContext.tsx
FN:10,setCartListState
FNF:1
FNH:0
FNDA:0,setCartListState
DA:1,1
DA:2,1
DA:3,1
DA:4,1
DA:5,1
DA:6,1
DA:7,1
DA:8,1
DA:9,1
DA:10,1
DA:11,1
LF:11
LH:11
BRF:0
BRH:0
end_of_record
TN:
SF:src\app\context\useIconContext.tsx
FN:4,UseIconContext
FNF:1
FNH:0
FNDA:0,UseIconContext
DA:1,1
DA:2,1
DA:3,1
DA:4,1
DA:5,0
DA:6,0
LF:6
LH:4
BRF:0
BRH:0
end_of_record
TN:
SF:src\app\context\useProductsCartContext.tsx
FN:7,setProductsCart
FNF:1
FNH:0
FNDA:0,setProductsCart
DA:1,1
DA:2,1
DA:3,1
DA:4,1
DA:5,1
DA:6,1
DA:7,1
DA:8,1
LF:8
LH:8
BRF:0
BRH:0
end_of_record
TN:
SF:src\app\context\useThemeContext.tsx
FN:10,toggleTheme
FNF:1
FNH:0
FNDA:0,toggleTheme
DA:1,1
DA:2,1
DA:3,1
DA:4,1
DA:5,1
DA:6,1
DA:7,1
DA:8,1
DA:9,1
DA:10,1
DA:11,1
LF:11
LH:11
BRF:0
BRH:0
end_of_record
TN:
SF:src\app\context\useUserContext.tsx
FN:8,setUser
FNF:1
FNH:0
FNDA:0,setUser
DA:1,1
DA:2,1
DA:3,1
DA:4,1
DA:5,1
DA:6,1
DA:7,1
DA:8,1
DA:9,1
LF:9
LH:9
BRF:0
BRH:0
end_of_record
TN:
SF:src\app\utils\tests-utils\test-utils.tsx
FN:10,AllTheProviders
FN:17,toggleTheme
FN:19,setCartListState
FN:21,setUser
FN:25,setProductsCart
FN:45,customRender
FNF:6
FNH:2
FNDA:3,AllTheProviders
FNDA:0,toggleTheme
FNDA:0,setCartListState
FNDA:0,setUser
FNDA:0,setProductsCart
FNDA:1,customRender
DA:1,1
DA:2,1
DA:3,1
DA:4,1
DA:5,1
DA:6,1
DA:7,1
DA:8,1
DA:9,1
DA:10,1
DA:11,3
DA:12,3
DA:13,3
DA:14,3
DA:15,3
DA:16,3
DA:17,3
DA:18,3
DA:19,3
DA:20,3
DA:21,3
DA:22,3
DA:23,3
DA:24,3
DA:25,3
DA:26,3
DA:27,3
DA:28,3
DA:29,3
DA:30,3
DA:31,3
DA:32,3
DA:33,3
DA:34,3
DA:35,1
DA:36,1
DA:37,1
DA:38,1
DA:39,1
DA:40,1
DA:41,1
DA:42,1
DA:43,1
DA:44,1
DA:45,1
DA:46,1
DA:47,1
DA:48,1
DA:49,1
DA:50,1
DA:51,1
DA:52,1
DA:53,1
DA:54,1
DA:55,1
DA:56,1
DA:57,1
DA:58,1
DA:59,1
LF:59
LH:59
BRDA:10,0,0,3
BRDA:45,1,0,1
BRF:2
BRH:2
end_of_record
